<?xml version="1.0" encoding="UTF-8"?>
<testng-results ignored="0" total="2" passed="2" failed="0" skipped="0">
  <reporter-output>
  </reporter-output>
  <suite started-at="2023-07-21T12:00:05 IST" name="Selinium Project" finished-at="2023-07-21T12:00:16 IST" duration-ms="10558">
    <groups>
    </groups>
    <test started-at="2023-07-21T12:00:05 IST" name="LoginTest" finished-at="2023-07-21T12:00:11 IST" duration-ms="5867">
      <class name="assignment.testcases.LoginTest">
        <test-method is-config="true" signature="navigateToURL()[pri:0, instance:assignment.testcases.LoginTest@65c7a252]" started-at="2023-07-21T12:00:05 IST" name="navigateToURL" finished-at="2023-07-21T12:00:08 IST" duration-ms="2959" status="PASS">
          <reporter-output>
          </reporter-output>
        </test-method> <!-- navigateToURL -->
        <test-method signature="login()[pri:0, instance:assignment.testcases.LoginTest@65c7a252]" started-at="2023-07-21T12:00:08 IST" name="login" finished-at="2023-07-21T12:00:11 IST" duration-ms="2848" status="PASS">
          <reporter-output>
          </reporter-output>
        </test-method> <!-- login -->
      </class> <!-- assignment.testcases.LoginTest -->
    </test> <!-- LoginTest -->
    <test started-at="2023-07-21T12:00:11 IST" name="AddToCart" finished-at="2023-07-21T12:00:16 IST" duration-ms="4613">
      <class name="assignment.testcases.AddItemToCartTest">
        <test-method is-config="true" signature="setup()[pri:0, instance:assignment.testcases.AddItemToCartTest@25ce9dc4]" started-at="2023-07-21T12:00:02 IST" name="setup" finished-at="2023-07-21T12:00:05 IST" duration-ms="3152" status="PASS">
          <reporter-output>
          </reporter-output>
        </test-method> <!-- setup -->
        <test-method is-config="true" signature="navigateToURL()[pri:0, instance:assignment.testcases.AddItemToCartTest@25ce9dc4]" started-at="2023-07-21T12:00:11 IST" name="navigateToURL" finished-at="2023-07-21T12:00:14 IST" duration-ms="3332" status="PASS">
          <reporter-output>
          </reporter-output>
        </test-method> <!-- navigateToURL -->
        <test-method signature="addItemToCart()[pri:0, instance:assignment.testcases.AddItemToCartTest@25ce9dc4]" started-at="2023-07-21T12:00:14 IST" name="addItemToCart" finished-at="2023-07-21T12:00:16 IST" duration-ms="1278" status="PASS">
          <reporter-output>
          </reporter-output>
        </test-method> <!-- addItemToCart -->
        <test-method is-config="true" signature="tearDown()[pri:0, instance:assignment.testcases.AddItemToCartTest@25ce9dc4]" started-at="2023-07-21T12:00:16 IST" name="tearDown" finished-at="2023-07-21T12:00:17 IST" duration-ms="822" status="PASS">
          <reporter-output>
          </reporter-output>
        </test-method> <!-- tearDown -->
      </class> <!-- assignment.testcases.AddItemToCartTest -->
    </test> <!-- AddToCart -->
  </suite> <!-- Selinium Project -->
</testng-results>
